<?xml version="1.0" encoding="UTF-8"?>
<!-- Generated by org.testng.reporters.JUnitReportReporter -->
<testsuite hostname="DESKTOP-C0PBQMC" failures="0" tests="1" name="org.TYSS.Project.example.ExampleTest" time="0.013" errors="0" timestamp="2022-07-18T15:31:28 IST" skipped="0">
  <testcase classname="org.TYSS.Project.example.ExampleTest" name="practiceTe4st" time="0.013"/>
  <system-out/>
</testsuite> <!-- org.TYSS.Project.example.ExampleTest -->
